#
# There is insufficient memory for the Java Runtime Environment to continue.
# Native memory allocation (malloc) failed to allocate 1904336 bytes for Chunk::new
# Possible reasons:
#   The system is out of physical RAM or swap space
#   The process is running with CompressedOops enabled, and the Java Heap may be blocking the growth of the native heap
# Possible solutions:
#   Reduce memory load on the system
#   Increase physical memory or swap space
#   Check if swap backing store is full
#   Decrease Java heap size (-Xmx/-Xms)
#   Decrease number of Java threads
#   Decrease Java thread stack sizes (-Xss)
#   Set larger code cache with -XX:ReservedCodeCacheSize=
#   JVM is running with Zero Based Compressed Oops mode in which the Java heap is
#     placed in the first 32GB address space. The Java Heap base address is the
#     maximum limit for the native heap growth. Please use -XX:HeapBaseMinAddress
#     to set the Java Heap base and to place the Java Heap above 32GB virtual address.
# This output file may be truncated or incomplete.
#
#  Out of Memory Error (arena.cpp:189), pid=15616, tid=8264
#
# JRE version: Java(TM) SE Runtime Environment (17.0.10+11) (build 17.0.10+11-LTS-240)
# Java VM: Java HotSpot(TM) 64-Bit Server VM (17.0.10+11-LTS-240, mixed mode, sharing, tiered, compressed oops, compressed class ptrs, g1 gc, windows-amd64)
# No core dump will be written. Minidumps are not enabled by default on client versions of Windows
#

---------------  S U M M A R Y ------------

Command Line: -agentlib:jdwp=transport=dt_socket,address=127.0.0.1:54987,suspend=y,server=n -javaagent:C:\Users\user\AppData\Local\JetBrains\IdeaIC2023.3\captureAgent\debugger-agent.jar -Dfile.encoding=UTF-8 com.example.Team4.Team4Application

Host: Intel(R) Core(TM) i5-6200U CPU @ 2.30GHz, 4 cores, 11G,  Windows 10 , 64 bit Build 19041 (10.0.19041.3636)
Time: Tue Apr 23 18:45:00 2024  Windows 10 , 64 bit Build 19041 (10.0.19041.3636) elapsed time: 4.654560 seconds (0d 0h 0m 4s)

---------------  T H R E A D  ---------------

Current thread (0x000001981d4e35b0):  JavaThread "C2 CompilerThread1" daemon [_thread_in_native, id=8264, stack(0x0000008fa3500000,0x0000008fa3600000)]


Current CompileTask:
C2:   4654 2826   !   4       jdk.internal.loader.BuiltinClassLoader::loadClassOrNull (143 bytes)

Stack: [0x0000008fa3500000,0x0000008fa3600000]
Native frames: (J=compiled Java code, j=interpreted, Vv=VM code, C=native code)
V  [jvm.dll+0x677a5a]
V  [jvm.dll+0x7d8b2d]
V  [jvm.dll+0x7da48e]
V  [jvm.dll+0x7daaf3]
V  [jvm.dll+0x2455ff]
V  [jvm.dll+0xaaafb]
V  [jvm.dll+0xab09c]
V  [jvm.dll+0x361bae]
V  [jvm.dll+0x32c211]
V  [jvm.dll+0x32b6aa]
V  [jvm.dll+0x21794f]
V  [jvm.dll+0x216d81]
V  [jvm.dll+0x1a3410]
V  [jvm.dll+0x226aeb]
V  [jvm.dll+0x224cab]
V  [jvm.dll+0x78e45c]
V  [jvm.dll+0x78888a]
V  [jvm.dll+0x676935]
C  [ucrtbase.dll+0x21bb2]
C  [KERNEL32.DLL+0x17344]
C  [ntdll.dll+0x526b1]


---------------  P R O C E S S  ---------------

Threads class SMR info:
_java_thread_list=0x000001981f0f1df0, length=16, elements={
0x00000197b80a3030, 0x00000197d7ed7370, 0x00000197d7ed81f0, 0x00000197d7ef1fb0,
0x00000197d7ef3f80, 0x00000197d7ef6950, 0x00000197d7ef7310, 0x00000197d7ef80b0,
0x00000197d7ef8b60, 0x00000197d7efb570, 0x000001981d2026a0, 0x000001981d275c10,
0x000001981d2d1570, 0x000001981d31d760, 0x000001981d38be40, 0x000001981d4e35b0
}

Java Threads: ( => current thread )
  0x00000197b80a3030 JavaThread "main" [_thread_in_vm, id=18752, stack(0x0000008fa1f00000,0x0000008fa2000000)]
  0x00000197d7ed7370 JavaThread "Reference Handler" daemon [_thread_blocked, id=18236, stack(0x0000008fa2600000,0x0000008fa2700000)]
  0x00000197d7ed81f0 JavaThread "Finalizer" daemon [_thread_blocked, id=20836, stack(0x0000008fa2700000,0x0000008fa2800000)]
  0x00000197d7ef1fb0 JavaThread "Signal Dispatcher" daemon [_thread_blocked, id=3204, stack(0x0000008fa2800000,0x0000008fa2900000)]
  0x00000197d7ef3f80 JavaThread "Attach Listener" daemon [_thread_blocked, id=17316, stack(0x0000008fa2900000,0x0000008fa2a00000)]
  0x00000197d7ef6950 JavaThread "Service Thread" daemon [_thread_blocked, id=8616, stack(0x0000008fa2a00000,0x0000008fa2b00000)]
  0x00000197d7ef7310 JavaThread "Monitor Deflation Thread" daemon [_thread_blocked, id=18004, stack(0x0000008fa2b00000,0x0000008fa2c00000)]
  0x00000197d7ef80b0 JavaThread "C2 CompilerThread0" daemon [_thread_in_native, id=10052, stack(0x0000008fa2c00000,0x0000008fa2d00000)]
  0x00000197d7ef8b60 JavaThread "C1 CompilerThread0" daemon [_thread_blocked, id=1276, stack(0x0000008fa2d00000,0x0000008fa2e00000)]
  0x00000197d7efb570 JavaThread "Sweeper thread" daemon [_thread_blocked, id=10516, stack(0x0000008fa2e00000,0x0000008fa2f00000)]
  0x000001981d2026a0 JavaThread "Common-Cleaner" daemon [_thread_blocked, id=20604, stack(0x0000008fa2f00000,0x0000008fa3000000)]
  0x000001981d275c10 JavaThread "JDWP Transport Listener: dt_socket" daemon [_thread_blocked, id=14172, stack(0x0000008fa3000000,0x0000008fa3100000)]
  0x000001981d2d1570 JavaThread "JDWP Event Helper Thread" daemon [_thread_blocked, id=10216, stack(0x0000008fa3100000,0x0000008fa3200000)]
  0x000001981d31d760 JavaThread "JDWP Command Reader" daemon [_thread_in_native, id=3592, stack(0x0000008fa3200000,0x0000008fa3300000)]
  0x000001981d38be40 JavaThread "Notification Thread" daemon [_thread_blocked, id=21088, stack(0x0000008fa3300000,0x0000008fa3400000)]
=>0x000001981d4e35b0 JavaThread "C2 CompilerThread1" daemon [_thread_in_native, id=8264, stack(0x0000008fa3500000,0x0000008fa3600000)]

Other Threads:
  0x00000197d7ece330 VMThread "VM Thread" [stack: 0x0000008fa2500000,0x0000008fa2600000] [id=19492]
  0x00000197d7edb5e0 WatcherThread [stack: 0x0000008fa3400000,0x0000008fa3500000] [id=6504]
  0x00000197b80fb270 GCTaskThread "GC Thread#0" [stack: 0x0000008fa2000000,0x0000008fa2100000] [id=17872]
  0x000001981d841d30 GCTaskThread "GC Thread#1" [stack: 0x0000008fa3600000,0x0000008fa3700000] [id=9068]
  0x000001981d842400 GCTaskThread "GC Thread#2" [stack: 0x0000008fa3700000,0x0000008fa3800000] [id=1392]
  0x000001981d8426c0 GCTaskThread "GC Thread#3" [stack: 0x0000008fa3800000,0x0000008fa3900000] [id=8340]
  0x00000197b8108fd0 ConcurrentGCThread "G1 Main Marker" [stack: 0x0000008fa2100000,0x0000008fa2200000] [id=9892]
  0x00000197b81099e0 ConcurrentGCThread "G1 Conc#0" [stack: 0x0000008fa2200000,0x0000008fa2300000] [id=16424]
  0x00000197b816c650 ConcurrentGCThread "G1 Refine#0" [stack: 0x0000008fa2300000,0x0000008fa2400000] [id=16736]
  0x00000197b816d080 ConcurrentGCThread "G1 Service" [stack: 0x0000008fa2400000,0x0000008fa2500000] [id=5576]

Threads with active compile tasks:
C2 CompilerThread0     4722 3004       4       org.springframework.beans.factory.support.AbstractBeanFactory::isTypeMatch (745 bytes)
C2 CompilerThread1     4722 2826   !   4       jdk.internal.loader.BuiltinClassLoader::loadClassOrNull (143 bytes)

VM state: not at safepoint (normal execution)

VM Mutex/Monitor currently owned by a thread: None

Heap address: 0x0000000742000000, size: 3040 MB, Compressed Oops mode: Zero based, Oop shift amount: 3

CDS archive(s) mapped at: [0x00000197d8000000-0x00000197d8bd0000-0x00000197d8bd0000), size 12386304, SharedBaseAddress: 0x00000197d8000000, ArchiveRelocationMode: 1.
Compressed class space mapped at: 0x00000197d9000000-0x0000019819000000, reserved size: 1073741824
Narrow klass base: 0x00000197d8000000, Narrow klass shift: 0, Narrow klass range: 0x100000000

GC Precious Log:
 CPUs: 4 total, 4 available
 Memory: 12152M
 Large Page Support: Disabled
 NUMA Support: Disabled
 Compressed Oops: Enabled (Zero based)
 Heap Region Size: 2M
 Heap Min Capacity: 8M
 Heap Initial Capacity: 190M
 Heap Max Capacity: 3040M
 Pre-touch: Disabled
 Parallel Workers: 4
 Concurrent Workers: 1
 Concurrent Refinement Workers: 4
 Periodic GC: Disabled

Heap:
 garbage-first heap   total 194560K, used 77140K [0x0000000742000000, 0x0000000800000000)
  region size 2048K, 37 young (75776K), 2 survivors (4096K)
 Metaspace       used 20592K, committed 20864K, reserved 1114112K
  class space    used 2475K, committed 2624K, reserved 1048576K

Heap Regions: E=young(eden), S=young(survivor), O=old, HS=humongous(starts), HC=humongous(continues), CS=collection set, F=free, OA=open archive, CA=closed archive, TAMS=top-at-mark-start (previous, next)
|   0|0x0000000742000000, 0x0000000742200000, 0x0000000742200000|100%| O|  |TAMS 0x0000000742000000, 0x0000000742000000| Untracked 
|   1|0x0000000742200000, 0x0000000742400000, 0x0000000742400000|100%| O|  |TAMS 0x0000000742200000, 0x0000000742200000| Untracked 
|   2|0x0000000742400000, 0x00000007424e9800, 0x0000000742600000| 45%| O|  |TAMS 0x0000000742400000, 0x0000000742400000| Untracked 
|   3|0x0000000742600000, 0x0000000742600000, 0x0000000742800000|  0%| F|  |TAMS 0x0000000742600000, 0x0000000742600000| Untracked 
|   4|0x0000000742800000, 0x0000000742800000, 0x0000000742a00000|  0%| F|  |TAMS 0x0000000742800000, 0x0000000742800000| Untracked 
|   5|0x0000000742a00000, 0x0000000742a00000, 0x0000000742c00000|  0%| F|  |TAMS 0x0000000742a00000, 0x0000000742a00000| Untracked 
|   6|0x0000000742c00000, 0x0000000742c00000, 0x0000000742e00000|  0%| F|  |TAMS 0x0000000742c00000, 0x0000000742c00000| Untracked 
|   7|0x0000000742e00000, 0x0000000742e00000, 0x0000000743000000|  0%| F|  |TAMS 0x0000000742e00000, 0x0000000742e00000| Untracked 
|   8|0x0000000743000000, 0x0000000743000000, 0x0000000743200000|  0%| F|  |TAMS 0x0000000743000000, 0x0000000743000000| Untracked 
|   9|0x0000000743200000, 0x0000000743200000, 0x0000000743400000|  0%| F|  |TAMS 0x0000000743200000, 0x0000000743200000| Untracked 
|  10|0x0000000743400000, 0x0000000743400000, 0x0000000743600000|  0%| F|  |TAMS 0x0000000743400000, 0x0000000743400000| Untracked 
|  11|0x0000000743600000, 0x0000000743600000, 0x0000000743800000|  0%| F|  |TAMS 0x0000000743600000, 0x0000000743600000| Untracked 
|  12|0x0000000743800000, 0x0000000743800000, 0x0000000743a00000|  0%| F|  |TAMS 0x0000000743800000, 0x0000000743800000| Untracked 
|  13|0x0000000743a00000, 0x0000000743a00000, 0x0000000743c00000|  0%| F|  |TAMS 0x0000000743a00000, 0x0000000743a00000| Untracked 
|  14|0x0000000743c00000, 0x0000000743c00000, 0x0000000743e00000|  0%| F|  |TAMS 0x0000000743c00000, 0x0000000743c00000| Untracked 
|  15|0x0000000743e00000, 0x0000000743e00000, 0x0000000744000000|  0%| F|  |TAMS 0x0000000743e00000, 0x0000000743e00000| Untracked 
|  16|0x0000000744000000, 0x0000000744000000, 0x0000000744200000|  0%| F|  |TAMS 0x0000000744000000, 0x0000000744000000| Untracked 
|  17|0x0000000744200000, 0x0000000744200000, 0x0000000744400000|  0%| F|  |TAMS 0x0000000744200000, 0x0000000744200000| Untracked 
|  18|0x0000000744400000, 0x0000000744400000, 0x0000000744600000|  0%| F|  |TAMS 0x0000000744400000, 0x0000000744400000| Untracked 
|  19|0x0000000744600000, 0x0000000744600000, 0x0000000744800000|  0%| F|  |TAMS 0x0000000744600000, 0x0000000744600000| Untracked 
|  20|0x0000000744800000, 0x0000000744800000, 0x0000000744a00000|  0%| F|  |TAMS 0x0000000744800000, 0x0000000744800000| Untracked 
|  21|0x0000000744a00000, 0x0000000744a00000, 0x0000000744c00000|  0%| F|  |TAMS 0x0000000744a00000, 0x0000000744a00000| Untracked 
|  22|0x0000000744c00000, 0x0000000744c00000, 0x0000000744e00000|  0%| F|  |TAMS 0x0000000744c00000, 0x0000000744c00000| Untracked 
|  23|0x0000000744e00000, 0x0000000744e00000, 0x0000000745000000|  0%| F|  |TAMS 0x0000000744e00000, 0x0000000744e00000| Untracked 
|  24|0x0000000745000000, 0x0000000745000000, 0x0000000745200000|  0%| F|  |TAMS 0x0000000745000000, 0x0000000745000000| Untracked 
|  25|0x0000000745200000, 0x0000000745200000, 0x0000000745400000|  0%| F|  |TAMS 0x0000000745200000, 0x0000000745200000| Untracked 
|  26|0x0000000745400000, 0x0000000745400000, 0x0000000745600000|  0%| F|  |TAMS 0x0000000745400000, 0x0000000745400000| Untracked 
|  27|0x0000000745600000, 0x0000000745600000, 0x0000000745800000|  0%| F|  |TAMS 0x0000000745600000, 0x0000000745600000| Untracked 
|  28|0x0000000745800000, 0x0000000745800000, 0x0000000745a00000|  0%| F|  |TAMS 0x0000000745800000, 0x0000000745800000| Untracked 
|  29|0x0000000745a00000, 0x0000000745a00000, 0x0000000745c00000|  0%| F|  |TAMS 0x0000000745a00000, 0x0000000745a00000| Untracked 
|  30|0x0000000745c00000, 0x0000000745c00000, 0x0000000745e00000|  0%| F|  |TAMS 0x0000000745c00000, 0x0000000745c00000| Untracked 
|  31|0x0000000745e00000, 0x0000000745e00000, 0x0000000746000000|  0%| F|  |TAMS 0x0000000745e00000, 0x0000000745e00000| Untracked 
|  32|0x0000000746000000, 0x0000000746000000, 0x0000000746200000|  0%| F|  |TAMS 0x0000000746000000, 0x0000000746000000| Untracked 
|  33|0x0000000746200000, 0x0000000746200000, 0x0000000746400000|  0%| F|  |TAMS 0x0000000746200000, 0x0000000746200000| Untracked 
|  34|0x0000000746400000, 0x0000000746400000, 0x0000000746600000|  0%| F|  |TAMS 0x0000000746400000, 0x0000000746400000| Untracked 
|  35|0x0000000746600000, 0x0000000746600000, 0x0000000746800000|  0%| F|  |TAMS 0x0000000746600000, 0x0000000746600000| Untracked 
|  36|0x0000000746800000, 0x0000000746800000, 0x0000000746a00000|  0%| F|  |TAMS 0x0000000746800000, 0x0000000746800000| Untracked 
|  37|0x0000000746a00000, 0x0000000746a00000, 0x0000000746c00000|  0%| F|  |TAMS 0x0000000746a00000, 0x0000000746a00000| Untracked 
|  38|0x0000000746c00000, 0x0000000746c00000, 0x0000000746e00000|  0%| F|  |TAMS 0x0000000746c00000, 0x0000000746c00000| Untracked 
|  39|0x0000000746e00000, 0x0000000746e00000, 0x0000000747000000|  0%| F|  |TAMS 0x0000000746e00000, 0x0000000746e00000| Untracked 
|  40|0x0000000747000000, 0x0000000747000000, 0x0000000747200000|  0%| F|  |TAMS 0x0000000747000000, 0x0000000747000000| Untracked 
|  41|0x0000000747200000, 0x0000000747200000, 0x0000000747400000|  0%| F|  |TAMS 0x0000000747200000, 0x0000000747200000| Untracked 
|  42|0x0000000747400000, 0x0000000747400000, 0x0000000747600000|  0%| F|  |TAMS 0x0000000747400000, 0x0000000747400000| Untracked 
|  43|0x0000000747600000, 0x0000000747600000, 0x0000000747800000|  0%| F|  |TAMS 0x0000000747600000, 0x0000000747600000| Untracked 
|  44|0x0000000747800000, 0x0000000747800000, 0x0000000747a00000|  0%| F|  |TAMS 0x0000000747800000, 0x0000000747800000| Untracked 
|  45|0x0000000747a00000, 0x0000000747a00000, 0x0000000747c00000|  0%| F|  |TAMS 0x0000000747a00000, 0x0000000747a00000| Untracked 
|  46|0x0000000747c00000, 0x0000000747c00000, 0x0000000747e00000|  0%| F|  |TAMS 0x0000000747c00000, 0x0000000747c00000| Untracked 
|  47|0x0000000747e00000, 0x0000000747e00000, 0x0000000748000000|  0%| F|  |TAMS 0x0000000747e00000, 0x0000000747e00000| Untracked 
|  48|0x0000000748000000, 0x0000000748000000, 0x0000000748200000|  0%| F|  |TAMS 0x0000000748000000, 0x0000000748000000| Untracked 
|  49|0x0000000748200000, 0x0000000748200000, 0x0000000748400000|  0%| F|  |TAMS 0x0000000748200000, 0x0000000748200000| Untracked 
|  50|0x0000000748400000, 0x0000000748400000, 0x0000000748600000|  0%| F|  |TAMS 0x0000000748400000, 0x0000000748400000| Untracked 
|  51|0x0000000748600000, 0x0000000748600000, 0x0000000748800000|  0%| F|  |TAMS 0x0000000748600000, 0x0000000748600000| Untracked 
|  52|0x0000000748800000, 0x0000000748800000, 0x0000000748a00000|  0%| F|  |TAMS 0x0000000748800000, 0x0000000748800000| Untracked 
|  53|0x0000000748a00000, 0x0000000748a00000, 0x0000000748c00000|  0%| F|  |TAMS 0x0000000748a00000, 0x0000000748a00000| Untracked 
|  54|0x0000000748c00000, 0x0000000748c00000, 0x0000000748e00000|  0%| F|  |TAMS 0x0000000748c00000, 0x0000000748c00000| Untracked 
|  55|0x0000000748e00000, 0x0000000748e00000, 0x0000000749000000|  0%| F|  |TAMS 0x0000000748e00000, 0x0000000748e00000| Untracked 
|  56|0x0000000749000000, 0x0000000749000000, 0x0000000749200000|  0%| F|  |TAMS 0x0000000749000000, 0x0000000749000000| Untracked 
|  57|0x0000000749200000, 0x0000000749200000, 0x0000000749400000|  0%| F|  |TAMS 0x0000000749200000, 0x0000000749200000| Untracked 
|  58|0x0000000749400000, 0x000000074951e7a0, 0x0000000749600000| 55%| E|  |TAMS 0x0000000749400000, 0x0000000749400000| Complete 
|  59|0x0000000749600000, 0x0000000749800000, 0x0000000749800000|100%| E|CS|TAMS 0x0000000749600000, 0x0000000749600000| Complete 
|  60|0x0000000749800000, 0x0000000749a00000, 0x0000000749a00000|100%| E|CS|TAMS 0x0000000749800000, 0x0000000749800000| Complete 
|  61|0x0000000749a00000, 0x0000000749c00000, 0x0000000749c00000|100%| E|CS|TAMS 0x0000000749a00000, 0x0000000749a00000| Complete 
|  62|0x0000000749c00000, 0x0000000749e00000, 0x0000000749e00000|100%| E|CS|TAMS 0x0000000749c00000, 0x0000000749c00000| Complete 
|  63|0x0000000749e00000, 0x000000074a000000, 0x000000074a000000|100%| E|CS|TAMS 0x0000000749e00000, 0x0000000749e00000| Complete 
|  64|0x000000074a000000, 0x000000074a200000, 0x000000074a200000|100%| E|CS|TAMS 0x000000074a000000, 0x000000074a000000| Complete 
|  65|0x000000074a200000, 0x000000074a400000, 0x000000074a400000|100%| E|CS|TAMS 0x000000074a200000, 0x000000074a200000| Complete 
|  66|0x000000074a400000, 0x000000074a600000, 0x000000074a600000|100%| E|CS|TAMS 0x000000074a400000, 0x000000074a400000| Complete 
|  67|0x000000074a600000, 0x000000074a800000, 0x000000074a800000|100%| E|CS|TAMS 0x000000074a600000, 0x000000074a600000| Complete 
|  68|0x000000074a800000, 0x000000074aa00000, 0x000000074aa00000|100%| E|CS|TAMS 0x000000074a800000, 0x000000074a800000| Complete 
|  69|0x000000074aa00000, 0x000000074ac00000, 0x000000074ac00000|100%| E|CS|TAMS 0x000000074aa00000, 0x000000074aa00000| Complete 
|  70|0x000000074ac00000, 0x000000074ae00000, 0x000000074ae00000|100%| E|CS|TAMS 0x000000074ac00000, 0x000000074ac00000| Complete 
|  71|0x000000074ae00000, 0x000000074b000000, 0x000000074b000000|100%| E|CS|TAMS 0x000000074ae00000, 0x000000074ae00000| Complete 
|  72|0x000000074b000000, 0x000000074b200000, 0x000000074b200000|100%| E|CS|TAMS 0x000000074b000000, 0x000000074b000000| Complete 
|  73|0x000000074b200000, 0x000000074b400000, 0x000000074b400000|100%| E|CS|TAMS 0x000000074b200000, 0x000000074b200000| Complete 
|  74|0x000000074b400000, 0x000000074b600000, 0x000000074b600000|100%| E|CS|TAMS 0x000000074b400000, 0x000000074b400000| Complete 
|  75|0x000000074b600000, 0x000000074b800000, 0x000000074b800000|100%| E|CS|TAMS 0x000000074b600000, 0x000000074b600000| Complete 
|  76|0x000000074b800000, 0x000000074ba00000, 0x000000074ba00000|100%| E|CS|TAMS 0x000000074b800000, 0x000000074b800000| Complete 
|  77|0x000000074ba00000, 0x000000074bc00000, 0x000000074bc00000|100%| E|CS|TAMS 0x000000074ba00000, 0x000000074ba00000| Complete 
|  78|0x000000074bc00000, 0x000000074be00000, 0x000000074be00000|100%| E|CS|TAMS 0x000000074bc00000, 0x000000074bc00000| Complete 
|  79|0x000000074be00000, 0x000000074c000000, 0x000000074c000000|100%| E|CS|TAMS 0x000000074be00000, 0x000000074be00000| Complete 
|  80|0x000000074c000000, 0x000000074c06ba80, 0x000000074c200000| 21%| S|CS|TAMS 0x000000074c000000, 0x000000074c000000| Complete 
|  81|0x000000074c200000, 0x000000074c400000, 0x000000074c400000|100%| S|CS|TAMS 0x000000074c200000, 0x000000074c200000| Complete 
|  82|0x000000074c400000, 0x000000074c600000, 0x000000074c600000|100%| E|CS|TAMS 0x000000074c400000, 0x000000074c400000| Complete 
|  83|0x000000074c600000, 0x000000074c800000, 0x000000074c800000|100%| E|CS|TAMS 0x000000074c600000, 0x000000074c600000| Complete 
|  84|0x000000074c800000, 0x000000074ca00000, 0x000000074ca00000|100%| E|CS|TAMS 0x000000074c800000, 0x000000074c800000| Complete 
|  85|0x000000074ca00000, 0x000000074cc00000, 0x000000074cc00000|100%| E|CS|TAMS 0x000000074ca00000, 0x000000074ca00000| Complete 
|  86|0x000000074cc00000, 0x000000074ce00000, 0x000000074ce00000|100%| E|CS|TAMS 0x000000074cc00000, 0x000000074cc00000| Complete 
|  87|0x000000074ce00000, 0x000000074d000000, 0x000000074d000000|100%| E|CS|TAMS 0x000000074ce00000, 0x000000074ce00000| Complete 
|  88|0x000000074d000000, 0x000000074d200000, 0x000000074d200000|100%| E|CS|TAMS 0x000000074d000000, 0x000000074d000000| Complete 
|  89|0x000000074d200000, 0x000000074d400000, 0x000000074d400000|100%| E|CS|TAMS 0x000000074d200000, 0x000000074d200000| Complete 
|  90|0x000000074d400000, 0x000000074d600000, 0x000000074d600000|100%| E|CS|TAMS 0x000000074d400000, 0x000000074d400000| Complete 
|  91|0x000000074d600000, 0x000000074d800000, 0x000000074d800000|100%| E|CS|TAMS 0x000000074d600000, 0x000000074d600000| Complete 
|  92|0x000000074d800000, 0x000000074da00000, 0x000000074da00000|100%| E|CS|TAMS 0x000000074d800000, 0x000000074d800000| Complete 
|  93|0x000000074da00000, 0x000000074dc00000, 0x000000074dc00000|100%| E|CS|TAMS 0x000000074da00000, 0x000000074da00000| Complete 
|  94|0x000000074dc00000, 0x000000074de00000, 0x000000074de00000|100%| E|CS|TAMS 0x000000074dc00000, 0x000000074dc00000| Complete 

Card table byte_map: [0x00000197cef40000,0x00000197cf530000] _byte_map_base: 0x00000197cb530000

Marking Bits (Prev, Next): (CMBitMap*) 0x00000197b80fc8a0, (CMBitMap*) 0x00000197b80fc8e0
 Prev Bits: [0x00000197cfb20000, 0x00000197d2aa0000)
 Next Bits: [0x00000197d2aa0000, 0x00000197d5a20000)

Polling page: 0x00000197b6010000

Metaspace:

Usage:
  Non-class:     17.71 MB used.
      Class:      2.42 MB used.
       Both:     20.13 MB used.

Virtual space:
  Non-class space:       64.00 MB reserved,      17.81 MB ( 28%) committed,  1 nodes.
      Class space:        1.00 GB reserved,       2.56 MB ( <1%) committed,  1 nodes.
             Both:        1.06 GB reserved,      20.38 MB (  2%) committed. 

Chunk freelists:
   Non-Class:  14.06 MB
       Class:  13.45 MB
        Both:  27.52 MB

MaxMetaspaceSize: unlimited
CompressedClassSpaceSize: 1.00 GB
Initial GC threshold: 21.00 MB
Current GC threshold: 21.00 MB
CDS: on
MetaspaceReclaimPolicy: balanced
 - commit_granule_bytes: 65536.
 - commit_granule_words: 8192.
 - virtual_space_node_default_size: 8388608.
 - enlarge_chunks_in_place: 1.
 - new_chunks_are_fully_committed: 0.
 - uncommit_free_chunks: 1.
 - use_allocation_guard: 0.
 - handle_deallocations: 1.


Internal statistics:

num_allocs_failed_limit: 0.
num_arena_births: 262.
num_arena_deaths: 0.
num_vsnodes_births: 2.
num_vsnodes_deaths: 0.
num_space_committed: 326.
num_space_uncommitted: 0.
num_chunks_returned_to_freelist: 0.
num_chunks_taken_from_freelist: 961.
num_chunk_merges: 0.
num_chunk_splits: 678.
num_chunks_enlarged: 525.
num_inconsistent_stats: 0.

CodeHeap 'non-profiled nmethods': size=120000Kb used=1374Kb max_used=1374Kb free=118625Kb
 bounds [0x00000197c7420000, 0x00000197c7690000, 0x00000197ce950000]
CodeHeap 'profiled nmethods': size=120000Kb used=6647Kb max_used=6647Kb free=113352Kb
 bounds [0x00000197bf950000, 0x00000197bffd0000, 0x00000197c6e80000]
CodeHeap 'non-nmethods': size=5760Kb used=1267Kb max_used=1349Kb free=4492Kb
 bounds [0x00000197c6e80000, 0x00000197c70f0000, 0x00000197c7420000]
 total_blobs=3503 nmethods=3005 adapters=410
 compilation: enabled
              stopped_count=0, restarted_count=0
 full_count=0

Compilation events (20 events):
Event: 4.582 Thread 0x00000197d7ef8b60 3000       3       java.lang.Class::getDeclaredConstructor (31 bytes)
Event: 4.583 Thread 0x00000197d7ef8b60 nmethod 3000 0x00000197bffc7190 code [0x00000197bffc7400, 0x00000197bffc7d98]
Event: 4.584 Thread 0x00000197d7ef8b60 3001       3       java.util.stream.Nodes$SpinedNodeBuilder::accept (29 bytes)
Event: 4.585 Thread 0x00000197d7ef8b60 nmethod 3001 0x00000197bffc8190 code [0x00000197bffc8340, 0x00000197bffc84a8]
Event: 4.586 Thread 0x00000197d7ef8b60 3002       3       org.springframework.boot.autoconfigure.condition.FilteringSpringBootCondition::<init> (5 bytes)
Event: 4.587 Thread 0x00000197d7ef8b60 nmethod 3002 0x00000197bffc8590 code [0x00000197bffc87a0, 0x00000197bffc8ed8]
Event: 4.592 Thread 0x00000197d7ef80b0 nmethod 2986 0x00000197c7576210 code [0x00000197c75763e0, 0x00000197c7576d28]
Event: 4.593 Thread 0x00000197d7ef80b0 3003       4       java.lang.ref.Reference::<init> (25 bytes)
Event: 4.597 Thread 0x00000197d7ef80b0 nmethod 3003 0x00000197c7577490 code [0x00000197c7577600, 0x00000197c7577878]
Event: 4.597 Thread 0x00000197d7ef80b0 3004       4       org.springframework.beans.factory.support.AbstractBeanFactory::isTypeMatch (745 bytes)
Event: 4.606 Thread 0x00000197d7ef8b60 3006       3       org.springframework.core.annotation.TypeMappedAnnotation$$Lambda$369/0x00000197d922a750::apply (8 bytes)
Event: 4.607 Thread 0x00000197d7ef8b60 nmethod 3006 0x00000197bffc9190 code [0x00000197bffc9360, 0x00000197bffc97d8]
Event: 4.607 Thread 0x00000197d7ef8b60 3007       3       org.springframework.core.annotation.TypeMappedAnnotation::lambda$asMap$3 (8 bytes)
Event: 4.607 Thread 0x00000197d7ef8b60 nmethod 3007 0x00000197bffc9990 code [0x00000197bffc9b40, 0x00000197bffc9e18]
Event: 4.607 Thread 0x00000197d7ef8b60 3008       3       org.springframework.core.annotation.OrderUtils::getOrderFromAnnotations (72 bytes)
Event: 4.608 Thread 0x00000197d7ef8b60 nmethod 3008 0x00000197bffc9f90 code [0x00000197bffca1a0, 0x00000197bffca878]
Event: 4.612 Thread 0x00000197d7ef8b60 3009       3       java.util.HashMap$Node::hashCode (16 bytes)
Event: 4.612 Thread 0x00000197d7ef8b60 nmethod 3009 0x00000197bffcaa10 code [0x00000197bffcabe0, 0x00000197bffcb018]
Event: 4.613 Thread 0x00000197d7ef8b60 3011       3       org.springframework.boot.env.OriginTrackedMapPropertySource::getProperty (25 bytes)
Event: 4.614 Thread 0x00000197d7ef8b60 nmethod 3011 0x00000197bffcb190 code [0x00000197bffcb380, 0x00000197bffcba18]

GC Heap History (6 events):
Event: 0.894 GC heap before
{Heap before GC invocations=0 (full 0):
 garbage-first heap   total 194560K, used 10240K [0x0000000742000000, 0x0000000800000000)
  region size 2048K, 6 young (12288K), 0 survivors (0K)
 Metaspace       used 2169K, committed 2368K, reserved 1114112K
  class space    used 183K, committed 256K, reserved 1048576K
}
Event: 0.899 GC heap after
{Heap after GC invocations=1 (full 0):
 garbage-first heap   total 194560K, used 5050K [0x0000000742000000, 0x0000000800000000)
  region size 2048K, 1 young (2048K), 1 survivors (2048K)
 Metaspace       used 2169K, committed 2368K, reserved 1114112K
  class space    used 183K, committed 256K, reserved 1048576K
}
Event: 1.308 GC heap before
{Heap before GC invocations=1 (full 0):
 garbage-first heap   total 194560K, used 13242K [0x0000000742000000, 0x0000000800000000)
  region size 2048K, 5 young (10240K), 1 survivors (2048K)
 Metaspace       used 4200K, committed 4416K, reserved 1114112K
  class space    used 460K, committed 576K, reserved 1048576K
}
Event: 1.311 GC heap after
{Heap after GC invocations=2 (full 0):
 garbage-first heap   total 194560K, used 6011K [0x0000000742000000, 0x0000000800000000)
  region size 2048K, 1 young (2048K), 1 survivors (2048K)
 Metaspace       used 4200K, committed 4416K, reserved 1114112K
  class space    used 460K, committed 576K, reserved 1048576K
}
Event: 2.263 GC heap before
{Heap before GC invocations=2 (full 0):
 garbage-first heap   total 194560K, used 28539K [0x0000000742000000, 0x0000000800000000)
  region size 2048K, 13 young (26624K), 1 survivors (2048K)
 Metaspace       used 9601K, committed 9856K, reserved 1114112K
  class space    used 1174K, committed 1280K, reserved 1048576K
}
Event: 2.267 GC heap after
{Heap after GC invocations=3 (full 0):
 garbage-first heap   total 194560K, used 7508K [0x0000000742000000, 0x0000000800000000)
  region size 2048K, 2 young (4096K), 2 survivors (4096K)
 Metaspace       used 9601K, committed 9856K, reserved 1114112K
  class space    used 1174K, committed 1280K, reserved 1048576K
}

Deoptimization events (20 events):
Event: 4.506 Thread 0x00000197b80a3030 DEOPT PACKING pc=0x00000197bfaab5f4 sp=0x0000008fa1ffce90
Event: 4.506 Thread 0x00000197b80a3030 DEOPT UNPACKING pc=0x00000197c6ed2b43 sp=0x0000008fa1ffc328 mode 1
Event: 4.506 Thread 0x00000197b80a3030 DEOPT PACKING pc=0x00000197bfa70f5c sp=0x0000008fa1ffcf60
Event: 4.506 Thread 0x00000197b80a3030 DEOPT UNPACKING pc=0x00000197c6ed2b43 sp=0x0000008fa1ffc418 mode 1
Event: 4.506 Thread 0x00000197b80a3030 DEOPT PACKING pc=0x00000197bfaf54bc sp=0x0000008fa1ffd8f0
Event: 4.506 Thread 0x00000197b80a3030 DEOPT UNPACKING pc=0x00000197c6ed2b43 sp=0x0000008fa1ffcdc8 mode 1
Event: 4.506 Thread 0x00000197b80a3030 DEOPT PACKING pc=0x00000197bfda6c14 sp=0x0000008fa1ffd990
Event: 4.506 Thread 0x00000197b80a3030 DEOPT UNPACKING pc=0x00000197c6ed2b43 sp=0x0000008fa1ffcfe0 mode 1
Event: 4.506 Thread 0x00000197b80a3030 DEOPT PACKING pc=0x00000197bfdb1c5c sp=0x0000008fa1ffdbc0
Event: 4.506 Thread 0x00000197b80a3030 DEOPT UNPACKING pc=0x00000197c6ed2b43 sp=0x0000008fa1ffd0d0 mode 1
Event: 4.598 Thread 0x00000197b80a3030 DEOPT PACKING pc=0x00000197bfaab5f4 sp=0x0000008fa1ffd3d0
Event: 4.598 Thread 0x00000197b80a3030 DEOPT UNPACKING pc=0x00000197c6ed2b43 sp=0x0000008fa1ffc868 mode 1
Event: 4.599 Thread 0x00000197b80a3030 DEOPT PACKING pc=0x00000197bfa70f5c sp=0x0000008fa1ffd4a0
Event: 4.599 Thread 0x00000197b80a3030 DEOPT UNPACKING pc=0x00000197c6ed2b43 sp=0x0000008fa1ffc958 mode 1
Event: 4.599 Thread 0x00000197b80a3030 DEOPT PACKING pc=0x00000197bfaf54bc sp=0x0000008fa1ffde30
Event: 4.599 Thread 0x00000197b80a3030 DEOPT UNPACKING pc=0x00000197c6ed2b43 sp=0x0000008fa1ffd308 mode 1
Event: 4.599 Thread 0x00000197b80a3030 DEOPT PACKING pc=0x00000197bfda6c14 sp=0x0000008fa1ffded0
Event: 4.599 Thread 0x00000197b80a3030 DEOPT UNPACKING pc=0x00000197c6ed2b43 sp=0x0000008fa1ffd520 mode 1
Event: 4.599 Thread 0x00000197b80a3030 DEOPT PACKING pc=0x00000197bfdb1c5c sp=0x0000008fa1ffe100
Event: 4.599 Thread 0x00000197b80a3030 DEOPT UNPACKING pc=0x00000197c6ed2b43 sp=0x0000008fa1ffd610 mode 1

Classes unloaded (0 events):
No events

Classes redefined (0 events):
No events

Internal exceptions (20 events):
Event: 1.999 Thread 0x00000197b80a3030 Exception <a 'java/lang/NoSuchMethodError'{0x000000074cc04840}: 'java.lang.Object java.lang.invoke.DirectMethodHandle$Holder.invokeStaticInit(java.lang.Object, java.lang.Object, long, java.lang.Object)'> (0x000000074cc04840) 
thrown [s\open\src\hotspot\share\interpreter\linkResolver.cpp, line 759]
Event: 2.000 Thread 0x00000197b80a3030 Exception <a 'java/lang/NoSuchMethodError'{0x000000074cc0aeb8}: 'java.lang.Object java.lang.invoke.DirectMethodHandle$Holder.newInvokeSpecial(java.lang.Object, java.lang.Object, long)'> (0x000000074cc0aeb8) 
thrown [s\open\src\hotspot\share\interpreter\linkResolver.cpp, line 759]
Event: 2.000 Thread 0x00000197b80a3030 Exception <a 'java/lang/NoSuchMethodError'{0x000000074cc0ea28}: 'java.lang.Object java.lang.invoke.Invokers$Holder.linkToTargetMethod(java.lang.Object, long, java.lang.Object)'> (0x000000074cc0ea28) 
thrown [s\open\src\hotspot\share\interpreter\linkResolver.cpp, line 759]
Event: 2.027 Thread 0x00000197b80a3030 Exception <a 'java/lang/NoSuchMethodError'{0x000000074cc70d28}: 'void java.lang.invoke.DirectMethodHandle$Holder.invokeSpecial(java.lang.Object, java.lang.Object, java.lang.Object, java.lang.Object, java.lang.Object)'> (0x000000074cc70d28) 
thrown [s\open\src\hotspot\share\interpreter\linkResolver.cpp, line 759]
Event: 2.029 Thread 0x00000197b80a3030 Exception <a 'java/lang/NoSuchMethodError'{0x000000074cc794f8}: 'void java.lang.invoke.DirectMethodHandle$Holder.invokeVirtual(java.lang.Object, java.lang.Object, java.lang.Object, java.lang.Object)'> (0x000000074cc794f8) 
thrown [s\open\src\hotspot\share\interpreter\linkResolver.cpp, line 759]
Event: 2.115 Thread 0x00000197b80a3030 Exception <a 'java/lang/NoSuchMethodError'{0x000000074ca05000}: 'void java.lang.invoke.DirectMethodHandle$Holder.invokeSpecial(java.lang.Object, java.lang.Object, java.lang.Object)'> (0x000000074ca05000) 
thrown [s\open\src\hotspot\share\interpreter\linkResolver.cpp, line 759]
Event: 2.129 Thread 0x00000197b80a3030 Exception <a 'java/lang/IncompatibleClassChangeError'{0x000000074ca37170}: Found class java.lang.Object, but interface was expected> (0x000000074ca37170) 
thrown [s\open\src\hotspot\share\interpreter\linkResolver.cpp, line 826]
Event: 2.357 Thread 0x00000197b80a3030 Exception <a 'java/lang/NoSuchMethodError'{0x000000074dbaede8}: 'java.lang.Object java.lang.invoke.DirectMethodHandle$Holder.invokeStatic(java.lang.Object, int, java.lang.Object)'> (0x000000074dbaede8) 
thrown [s\open\src\hotspot\share\interpreter\linkResolver.cpp, line 759]
Event: 2.781 Thread 0x00000197b80a3030 Exception <a 'sun/nio/fs/WindowsException'{0x000000074c97eb70}> (0x000000074c97eb70) 
thrown [s\open\src\hotspot\share\prims\jni.cpp, line 516]
Event: 2.783 Thread 0x00000197b80a3030 Exception <a 'java/lang/NoSuchMethodError'{0x000000074c981450}: 'int java.lang.invoke.DirectMethodHandle$Holder.invokeSpecial(java.lang.Object, java.lang.Object, java.lang.Object, java.lang.Object, java.lang.Object)'> (0x000000074c981450) 
thrown [s\open\src\hotspot\share\interpreter\linkResolver.cpp, line 759]
Event: 2.788 Thread 0x00000197b80a3030 Exception <a 'java/lang/NoSuchMethodError'{0x000000074c98f8a8}: 'void java.lang.invoke.DirectMethodHandle$Holder.invokeVirtual(java.lang.Object, java.lang.Object)'> (0x000000074c98f8a8) 
thrown [s\open\src\hotspot\share\interpreter\linkResolver.cpp, line 759]
Event: 2.849 Thread 0x000001981e44cfd0 Exception <a 'java/lang/NoSuchMethodError'{0x000000074c46f900}: 'long java.lang.invoke.DirectMethodHandle$Holder.invokeSpecial(java.lang.Object, java.lang.Object)'> (0x000000074c46f900) 
thrown [s\open\src\hotspot\share\interpreter\linkResolver.cpp, line 759]
Event: 2.853 Thread 0x000001981e44cfd0 Exception <a 'java/lang/NoSuchMethodError'{0x000000074c47a750}: 'long java.lang.invoke.DirectMethodHandle$Holder.invokeStatic(java.lang.Object, java.lang.Object)'> (0x000000074c47a750) 
thrown [s\open\src\hotspot\share\interpreter\linkResolver.cpp, line 759]
Event: 2.854 Thread 0x000001981e44cfd0 Exception <a 'java/lang/NoSuchMethodError'{0x000000074c47dd50}: 'long java.lang.invoke.DirectMethodHandle$Holder.invokeStaticInit(java.lang.Object, java.lang.Object)'> (0x000000074c47dd50) 
thrown [s\open\src\hotspot\share\interpreter\linkResolver.cpp, line 759]
Event: 2.859 Thread 0x000001981e44cfd0 Exception <a 'java/lang/NoSuchMethodError'{0x000000074c48b8f8}: 'long java.lang.invoke.DirectMethodHandle$Holder.invokeInterface(java.lang.Object, java.lang.Object)'> (0x000000074c48b8f8) 
thrown [s\open\src\hotspot\share\interpreter\linkResolver.cpp, line 759]
Event: 2.860 Thread 0x000001981e44cfd0 Exception <a 'java/lang/IncompatibleClassChangeError'{0x000000074c48ee88}: Found class java.lang.Object, but interface was expected> (0x000000074c48ee88) 
thrown [s\open\src\hotspot\share\interpreter\linkResolver.cpp, line 826]
Event: 2.912 Thread 0x000001981e44cfd0 Exception <a 'java/lang/NoSuchMethodError'{0x000000074bf17020}: 'java.lang.Object java.lang.invoke.DirectMethodHandle$Holder.invokeVirtual(java.lang.Object, java.lang.Object, java.lang.Object, java.lang.Object)'> (0x000000074bf17020) 
thrown [s\open\src\hotspot\share\interpreter\linkResolver.cpp, line 759]
Event: 3.293 Thread 0x00000197b80a3030 Exception <a 'java/lang/IncompatibleClassChangeError'{0x000000074b540b20}: Found class java.lang.Object, but interface was expected> (0x000000074b540b20) 
thrown [s\open\src\hotspot\share\interpreter\linkResolver.cpp, line 826]
Event: 3.674 Thread 0x00000197b80a3030 Exception <a 'java/lang/NoSuchMethodError'{0x000000074ad683a8}: 'java.lang.Object java.lang.invoke.DirectMethodHandle$Holder.invokeStatic(java.lang.Object, java.lang.Object, int)'> (0x000000074ad683a8) 
thrown [s\open\src\hotspot\share\interpreter\linkResolver.cpp, line 759]
Event: 3.675 Thread 0x00000197b80a3030 Exception <a 'java/lang/NoSuchMethodError'{0x000000074ad73dc0}: 'void java.lang.invoke.DelegatingMethodHandle$Holder.delegate(java.lang.Object, java.lang.Object, int, java.lang.Object)'> (0x000000074ad73dc0) 
thrown [s\open\src\hotspot\share\interpreter\linkResolver.cpp, line 759]

VM Operations (20 events):
Event: 2.118 Executing VM operation: ICBufferFull
Event: 2.118 Executing VM operation: ICBufferFull done
Event: 2.263 Executing VM operation: G1CollectForAllocation
Event: 2.267 Executing VM operation: G1CollectForAllocation done
Event: 2.443 Executing VM operation: HandshakeAllThreads
Event: 2.443 Executing VM operation: HandshakeAllThreads done
Event: 2.614 Executing VM operation: HandshakeAllThreads
Event: 2.614 Executing VM operation: HandshakeAllThreads done
Event: 2.729 Executing VM operation: HandshakeAllThreads
Event: 2.729 Executing VM operation: HandshakeAllThreads done
Event: 3.031 Executing VM operation: HandshakeAllThreads
Event: 3.031 Executing VM operation: HandshakeAllThreads done
Event: 3.068 Executing VM operation: HandshakeAllThreads
Event: 3.068 Executing VM operation: HandshakeAllThreads done
Event: 3.358 Executing VM operation: ICBufferFull
Event: 3.359 Executing VM operation: ICBufferFull done
Event: 3.673 Executing VM operation: HandshakeAllThreads
Event: 3.673 Executing VM operation: HandshakeAllThreads done
Event: 3.965 Executing VM operation: ICBufferFull
Event: 3.965 Executing VM operation: ICBufferFull done

Events (20 events):
Event: 4.638 loading class org/springframework/expression/spel/ast/OperatorMatches
Event: 4.638 loading class org/springframework/expression/spel/ast/OperatorMatches done
Event: 4.638 loading class org/springframework/expression/spel/ast/OperatorBetween
Event: 4.638 loading class org/springframework/expression/spel/ast/OperatorBetween done
Event: 4.639 loading class org/springframework/expression/spel/ast/OpOr
Event: 4.639 loading class org/springframework/expression/spel/ast/OpOr done
Event: 4.640 loading class org/springframework/expression/spel/ast/OpMultiply
Event: 4.640 loading class org/springframework/expression/spel/ast/OpMultiply done
Event: 4.641 loading class org/springframework/expression/spel/ast/OpDivide
Event: 4.641 loading class org/springframework/expression/spel/ast/OpDivide done
Event: 4.642 loading class org/springframework/expression/spel/ast/OpModulus
Event: 4.642 loading class org/springframework/expression/spel/ast/OpModulus done
Event: 4.643 loading class org/springframework/expression/spel/ast/PropertyOrFieldReference
Event: 4.643 loading class org/springframework/expression/spel/ast/PropertyOrFieldReference done
Event: 4.645 loading class org/springframework/expression/spel/ast/MethodReference
Event: 4.645 loading class org/springframework/expression/spel/ast/MethodReference done
Event: 4.649 loading class org/springframework/expression/spel/ast/InlineList
Event: 4.649 loading class org/springframework/expression/spel/ast/InlineList done
Event: 4.650 loading class org/springframework/expression/spel/ast/InlineMap
Event: 4.650 loading class org/springframework/expression/spel/ast/InlineMap done


Dynamic libraries:
0x00007ff62ba00000 - 0x00007ff62ba10000 	C:\Program Files\Java\jdk-17\bin\java.exe
0x00007fffc94b0000 - 0x00007fffc96a8000 	C:\Windows\SYSTEM32\ntdll.dll
0x00007fffc74b0000 - 0x00007fffc756d000 	C:\Windows\System32\KERNEL32.DLL
0x00007fffc6fe0000 - 0x00007fffc72d6000 	C:\Windows\System32\KERNELBASE.dll
0x00007fffc6c50000 - 0x00007fffc6d50000 	C:\Windows\System32\ucrtbase.dll
0x00007fffb3f20000 - 0x00007fffb3f39000 	C:\Program Files\Java\jdk-17\bin\jli.dll
0x00007fffc7a60000 - 0x00007fffc7b10000 	C:\Windows\System32\ADVAPI32.dll
0x00007fffc79c0000 - 0x00007fffc7a5e000 	C:\Windows\System32\msvcrt.dll
0x00007fffc7920000 - 0x00007fffc79c0000 	C:\Windows\System32\sechost.dll
0x00007fffc91c0000 - 0x00007fffc92e3000 	C:\Windows\System32\RPCRT4.dll
0x00007fffc72e0000 - 0x00007fffc7307000 	C:\Windows\System32\bcrypt.dll
0x00007fffc7570000 - 0x00007fffc770f000 	C:\Windows\System32\USER32.dll
0x00007fffc7310000 - 0x00007fffc7332000 	C:\Windows\System32\win32u.dll
0x00007fffc8bf0000 - 0x00007fffc8c1b000 	C:\Windows\System32\GDI32.dll
0x00007fffc6b30000 - 0x00007fffc6c47000 	C:\Windows\System32\gdi32full.dll
0x00007fffc6d50000 - 0x00007fffc6ded000 	C:\Windows\System32\msvcp_win.dll
0x00007ffface90000 - 0x00007fffad12a000 	C:\Windows\WinSxS\amd64_microsoft.windows.common-controls_6595b64144ccf1df_6.0.19041.3636_none_60b6a03d71f818d5\COMCTL32.dll
0x00007fffb43e0000 - 0x00007fffb43fb000 	C:\Program Files\Java\jdk-17\bin\VCRUNTIME140.dll
0x00007fffbd970000 - 0x00007fffbd97a000 	C:\Windows\SYSTEM32\VERSION.dll
0x00007fffc7c00000 - 0x00007fffc7c32000 	C:\Windows\System32\IMM32.DLL
0x00007fffb55d0000 - 0x00007fffb55dc000 	C:\Program Files\Java\jdk-17\bin\vcruntime140_1.dll
0x00007fff935f0000 - 0x00007fff9367e000 	C:\Program Files\Java\jdk-17\bin\msvcp140.dll
0x00007fff5ea20000 - 0x00007fff5f5ff000 	C:\Program Files\Java\jdk-17\bin\server\jvm.dll
0x00007fffc92f0000 - 0x00007fffc92f8000 	C:\Windows\System32\PSAPI.DLL
0x00007fffc2150000 - 0x00007fffc2177000 	C:\Windows\SYSTEM32\WINMM.dll
0x00007fffc4a50000 - 0x00007fffc4a59000 	C:\Windows\SYSTEM32\WSOCK32.dll
0x00007fffc8c20000 - 0x00007fffc8c8b000 	C:\Windows\System32\WS2_32.dll
0x00007fffc5310000 - 0x00007fffc5322000 	C:\Windows\SYSTEM32\kernel.appcore.dll
0x00007fffb5280000 - 0x00007fffb528a000 	C:\Program Files\Java\jdk-17\bin\jimage.dll
0x00007fffc4840000 - 0x00007fffc4a24000 	C:\Windows\SYSTEM32\DBGHELP.DLL
0x00007fffb78f0000 - 0x00007fffb7924000 	C:\Windows\SYSTEM32\dbgcore.DLL
0x00007fffc6f50000 - 0x00007fffc6fd2000 	C:\Windows\System32\bcryptPrimitives.dll
0x00007fffbe660000 - 0x00007fffbe69b000 	C:\Program Files\Java\jdk-17\bin\jdwp.dll
0x00007fffc23a0000 - 0x00007fffc23ae000 	C:\Program Files\Java\jdk-17\bin\instrument.dll
0x00007fffa1200000 - 0x00007fffa1225000 	C:\Program Files\Java\jdk-17\bin\java.dll
0x00007fffa9ad0000 - 0x00007fffa9ae8000 	C:\Program Files\Java\jdk-17\bin\zip.dll
0x00007fff93050000 - 0x00007fff93127000 	C:\Program Files\Java\jdk-17\bin\jsvml.dll
0x00007fffc7d10000 - 0x00007fffc847b000 	C:\Windows\System32\SHELL32.dll
0x00007fffc4a60000 - 0x00007fffc51fe000 	C:\Windows\SYSTEM32\windows.storage.dll
0x00007fffc8560000 - 0x00007fffc88b3000 	C:\Windows\System32\combase.dll
0x00007fffc6490000 - 0x00007fffc64be000 	C:\Windows\SYSTEM32\Wldp.dll
0x00007fffc7c40000 - 0x00007fffc7d0d000 	C:\Windows\System32\OLEAUT32.dll
0x00007fffc7b30000 - 0x00007fffc7bdd000 	C:\Windows\System32\SHCORE.dll
0x00007fffc8b90000 - 0x00007fffc8be5000 	C:\Windows\System32\shlwapi.dll
0x00007fffc6a60000 - 0x00007fffc6a83000 	C:\Windows\SYSTEM32\profapi.dll
0x00007fffc0860000 - 0x00007fffc086c000 	C:\Program Files\Java\jdk-17\bin\dt_socket.dll
0x00007fffc5ea0000 - 0x00007fffc5edb000 	C:\Windows\SYSTEM32\IPHLPAPI.DLL
0x00007fffc61a0000 - 0x00007fffc620a000 	C:\Windows\system32\mswsock.dll
0x00007fffb33b0000 - 0x00007fffb33c9000 	C:\Program Files\Java\jdk-17\bin\net.dll
0x00007fffb7df0000 - 0x00007fffb7efa000 	C:\Windows\SYSTEM32\WINHTTP.dll
0x00007fffb2a60000 - 0x00007fffb2a76000 	C:\Program Files\Java\jdk-17\bin\nio.dll
0x00007fffc0110000 - 0x00007fffc011e000 	C:\Program Files\Java\jdk-17\bin\sunmscapi.dll
0x00007fffc6df0000 - 0x00007fffc6f4e000 	C:\Windows\System32\CRYPT32.dll
0x00007fffc6500000 - 0x00007fffc6528000 	C:\Windows\SYSTEM32\ncrypt.dll
0x00007fffc64c0000 - 0x00007fffc64fb000 	C:\Windows\SYSTEM32\NTASN1.dll

dbghelp: loaded successfully - version: 4.0.5 - missing functions: none
symbol engine: initialized successfully - sym options: 0x614 - pdb path: .;C:\Program Files\Java\jdk-17\bin;C:\Windows\SYSTEM32;C:\Windows\WinSxS\amd64_microsoft.windows.common-controls_6595b64144ccf1df_6.0.19041.3636_none_60b6a03d71f818d5;C:\Program Files\Java\jdk-17\bin\server

VM Arguments:
jvm_args: -agentlib:jdwp=transport=dt_socket,address=127.0.0.1:54987,suspend=y,server=n -javaagent:C:\Users\user\AppData\Local\JetBrains\IdeaIC2023.3\captureAgent\debugger-agent.jar -Dfile.encoding=UTF-8 
java_command: com.example.Team4.Team4Application
java_class_path (initial): C:\Users\user\Team4-part2\Team4\target\classes;C:\Users\user\.m2\repository\org\springframework\boot\spring-boot-starter-web\3.2.5\spring-boot-starter-web-3.2.5.jar;C:\Users\user\.m2\repository\org\springframework\boot\spring-boot-starter\3.2.5\spring-boot-starter-3.2.5.jar;C:\Users\user\.m2\repository\org\springframework\boot\spring-boot\3.2.5\spring-boot-3.2.5.jar;C:\Users\user\.m2\repository\org\springframework\boot\spring-boot-autoconfigure\3.2.5\spring-boot-autoconfigure-3.2.5.jar;C:\Users\user\.m2\repository\org\springframework\boot\spring-boot-starter-logging\3.2.5\spring-boot-starter-logging-3.2.5.jar;C:\Users\user\.m2\repository\ch\qos\logback\logback-classic\1.4.14\logback-classic-1.4.14.jar;C:\Users\user\.m2\repository\ch\qos\logback\logback-core\1.4.14\logback-core-1.4.14.jar;C:\Users\user\.m2\repository\org\apache\logging\log4j\log4j-to-slf4j\2.21.1\log4j-to-slf4j-2.21.1.jar;C:\Users\user\.m2\repository\org\apache\logging\log4j\log4j-api\2.21.1\log4j-api-2.21.1.jar;C:\Users\user\.m2\repository\org\slf4j\jul-to-slf4j\2.0.13\jul-to-slf4j-2.0.13.jar;C:\Users\user\.m2\repository\jakarta\annotation\jakarta.annotation-api\2.1.1\jakarta.annotation-api-2.1.1.jar;C:\Users\user\.m2\repository\org\yaml\snakeyaml\2.2\snakeyaml-2.2.jar;C:\Users\user\.m2\repository\org\springframework\boot\spring-boot-starter-json\3.2.5\spring-boot-starter-json-3.2.5.jar;C:\Users\user\.m2\repository\com\fasterxml\jackson\core\jackson-databind\2.15.4\jackson-databind-2.15.4.jar;C:\Users\user\.m2\repository\com\fasterxml\jackson\core\jackson-annotations\2.15.4\jackson-annotations-2.15.4.jar;C:\Users\user\.m2\repository\com\fasterxml\jackson\core\jackson-core\2.15.4\jackson-core-2.15.4.jar;C:\Users\user\.m2\repository\com\fasterxml\jackson\datatype\jackson-datatype-jdk8\2.15.4\jackson-datatype-jdk8-2.15.4.jar;C:\Users\user\.m2\repository\com\fasterxml\jackson\datatype\jackson-datatype-jsr310\2.15.4\jackson-datatype-jsr310-2.15.4.jar;C:\Users\user\.m2\reposit
Launcher Type: SUN_STANDARD

[Global flags]
     intx CICompilerCount                          = 3                                         {product} {ergonomic}
     uint ConcGCThreads                            = 1                                         {product} {ergonomic}
     uint G1ConcRefinementThreads                  = 4                                         {product} {ergonomic}
   size_t G1HeapRegionSize                         = 2097152                                   {product} {ergonomic}
    uintx GCDrainStackTargetSize                   = 64                                        {product} {ergonomic}
   size_t InitialHeapSize                          = 199229440                                 {product} {ergonomic}
   size_t MarkStackSize                            = 4194304                                   {product} {ergonomic}
   size_t MaxHeapSize                              = 3187671040                                {product} {ergonomic}
   size_t MaxNewSize                               = 1912602624                                {product} {ergonomic}
   size_t MinHeapDeltaBytes                        = 2097152                                   {product} {ergonomic}
   size_t MinHeapSize                              = 8388608                                   {product} {ergonomic}
    uintx NonNMethodCodeHeapSize                   = 5832780                                {pd product} {ergonomic}
    uintx NonProfiledCodeHeapSize                  = 122912730                              {pd product} {ergonomic}
    uintx ProfiledCodeHeapSize                     = 122912730                              {pd product} {ergonomic}
    uintx ReservedCodeCacheSize                    = 251658240                              {pd product} {ergonomic}
     bool SegmentedCodeCache                       = true                                      {product} {ergonomic}
   size_t SoftMaxHeapSize                          = 3187671040                             {manageable} {ergonomic}
     bool UseCompressedClassPointers               = true                           {product lp64_product} {ergonomic}
     bool UseCompressedOops                        = true                           {product lp64_product} {ergonomic}
     bool UseG1GC                                  = true                                      {product} {ergonomic}
     bool UseLargePagesIndividualAllocation        = false                                  {pd product} {ergonomic}

Logging:
Log output configuration:
 #0: stdout all=warning uptime,level,tags
 #1: stderr all=off uptime,level,tags

Environment Variables:
JAVA_HOME=C:\Program Files\Java\jdk-17
PATH=C:\Program Files\Common Files\Oracle\Java\javapath;C:\Windows\system32;C:\Windows;C:\Windows\System32\Wbem;C:\Windows\System32\WindowsPowerShell\v1.0\;C:\Windows\System32\OpenSSH\;C:\Program Files (x86)\dotnet\;C:\Program Files\Git\cmd;C:\Program Files\Docker\Docker\resources\bin;C:\Program Files\apache-maven-3.9.6\bin;C:\Program Files\Java\jdk-17\bin;C:\Program Files\Maven\apache-maven-3.9.6\bin;C:\Users\user\AppData\Local\Programs\Python\Python310\Scripts\;C:\Users\user\AppData\Local\Programs\Python\Python310\;C:\Users\user\AppData\Local\Microsoft\WindowsApps;C:\Program Files\Java\jdk-17\bin;;C:\Program Files\JetBrains\IntelliJ IDEA Community Edition 2023.3.6\bin;
USERNAME=user
OS=Windows_NT
PROCESSOR_IDENTIFIER=Intel64 Family 6 Model 78 Stepping 3, GenuineIntel



---------------  S Y S T E M  ---------------

OS:
 Windows 10 , 64 bit Build 19041 (10.0.19041.3636)
OS uptime: 8 days 1:03 hours
Hyper-V role detected

CPU: total 4 (initial active 4) (2 cores per cpu, 2 threads per core) family 6 model 78 stepping 3 microcode 0xcc, cx8, cmov, fxsr, ht, mmx, 3dnowpref, sse, sse2, sse3, ssse3, sse4.1, sse4.2, popcnt, lzcnt, tsc, tscinvbit, avx, avx2, aes, erms, clmul, bmi1, bmi2, adx, fma, vzeroupper, clflush, clflushopt, hv

Memory: 4k page, system-wide physical 12152M (3048M free)
TotalPageFile size 40691M (AvailPageFile size 92M)
current process WorkingSet (physical memory assigned to process): 179M, peak: 179M
current process commit charge ("private bytes"): 332M, peak: 334M

vm_info: Java HotSpot(TM) 64-Bit Server VM (17.0.10+11-LTS-240) for windows-amd64 JRE (17.0.10+11-LTS-240), built on Dec 19 2023 21:47:25 by "mach5one" with MS VC++ 17.1 (VS2022)

END.
